app/build/intermediates/manifest_merge_blame_file/release/manifest-merger-blame-release-report.txt
1<?xml version="1.0" encoding="utf-8"?>
2<manifest xmlns:android="http://schemas.android.com/apk/res/android"
3    package="eyes.blue"
4    android:versionCode="210"
5    android:versionName="1.6.3" >
6
7    <uses-sdk
8        android:minSdkVersion="16"
8-->src\main\AndroidManifest.xml
9        android:targetSdkVersion="29" />
9-->src\main\AndroidManifest.xml
10
11    <meta-data
11-->src\main\AndroidManifest.xml:5:5-7:32
12        android:name="firebase_crashlytics_collection_enabled"
12-->src\main\AndroidManifest.xml:6:9-63
13        android:value="true" />
13-->src\main\AndroidManifest.xml:7:9-29
14
15    <uses-permission android:name="android.permission.INTERNET" />
15-->src\main\AndroidManifest.xml:9:5-67
15-->src\main\AndroidManifest.xml:9:22-64
16    <uses-permission android:name="android.permission.ACCESS_NETWORK_STATE" />
16-->src\main\AndroidManifest.xml:10:5-79
16-->src\main\AndroidManifest.xml:10:22-76
17    <uses-permission android:name="android.permission.WAKE_LOCK" />
17-->src\main\AndroidManifest.xml:11:5-68
17-->src\main\AndroidManifest.xml:11:22-65
18    <uses-permission android:name="android.permission.READ_EXTERNAL_STORAGE" />
18-->src\main\AndroidManifest.xml:12:5-80
18-->src\main\AndroidManifest.xml:12:22-77
19    <uses-permission android:name="android.permission.WRITE_EXTERNAL_STORAGE" />
19-->src\main\AndroidManifest.xml:13:5-81
19-->src\main\AndroidManifest.xml:13:22-78
20    <uses-permission android:name="android.permission.GET_TASKS" />
20-->src\main\AndroidManifest.xml:14:5-68
20-->src\main\AndroidManifest.xml:14:22-65
21    <uses-permission android:name="android.permission.REQUEST_INSTALL_PACKAGES" />
21-->src\main\AndroidManifest.xml:15:5-83
21-->src\main\AndroidManifest.xml:15:22-80
22
23    <supports-screens android:anyDensity="true" />
23-->src\main\AndroidManifest.xml:17:5-51
23-->src\main\AndroidManifest.xml:17:23-48
24
25    <!-- Required by older versions of Google Play services to create IID tokens -->
26    <uses-permission android:name="com.google.android.c2dm.permission.RECEIVE" />
26-->[com.google.firebase:firebase-iid:20.1.7] AndroidManifest.xml:26:5-82
26-->[com.google.firebase:firebase-iid:20.1.7] AndroidManifest.xml:26:22-79
27    <uses-permission android:name="com.google.android.finsky.permission.BIND_GET_INSTALL_REFERRER_SERVICE" />
27-->[com.google.android.gms:play-services-measurement:17.4.1] AndroidManifest.xml:26:5-110
27-->[com.google.android.gms:play-services-measurement:17.4.1] AndroidManifest.xml:26:22-107
28
29    <application
29-->src\main\AndroidManifest.xml:19:5-135:19
30        android:allowBackup="true"
30-->src\main\AndroidManifest.xml:20:9-35
31        android:appComponentFactory="androidx.core.app.CoreComponentFactory"
31-->[androidx.core:core:1.2.0] AndroidManifest.xml:24:18-86
32        android:icon="@mipmap/ic_launcher"
32-->src\main\AndroidManifest.xml:21:9-43
33        android:label="@string/app_name"
33-->src\main\AndroidManifest.xml:22:9-41
34        android:networkSecurityConfig="@xml/network_security_config"
34-->src\main\AndroidManifest.xml:23:9-69
35        android:supportsRtl="true"
35-->src\main\AndroidManifest.xml:24:9-35
36        android:theme="@style/AppTheme" >
36-->src\main\AndroidManifest.xml:25:9-40
37        <activity
37-->src\main\AndroidManifest.xml:27:9-37:20
38            android:name="eyes.blue.LamrimReaderActivity"
38-->src\main\AndroidManifest.xml:28:13-49
39            android:configChanges="keyboardHidden"
39-->src\main\AndroidManifest.xml:29:13-51
40            android:screenOrientation="landscape"
40-->src\main\AndroidManifest.xml:30:13-50
41            android:windowSoftInputMode="stateHidden" >
41-->src\main\AndroidManifest.xml:31:13-54
42            <intent-filter>
42-->src\main\AndroidManifest.xml:32:13-36:29
43                <action android:name="android.intent.action.MAIN" />
43-->src\main\AndroidManifest.xml:33:17-69
43-->src\main\AndroidManifest.xml:33:25-66
44
45                <category android:name="android.intent.category.LAUNCHER" />
45-->src\main\AndroidManifest.xml:35:17-77
45-->src\main\AndroidManifest.xml:35:27-74
46            </intent-filter>
47        </activity>
48        <activity
48-->src\main\AndroidManifest.xml:38:9-45:20
49            android:name="eyes.blue.SpeechMenuActivity"
49-->src\main\AndroidManifest.xml:39:13-47
50            android:configChanges="orientation|keyboardHidden"
50-->src\main\AndroidManifest.xml:40:13-63
51            android:label="@string/app_name"
51-->src\main\AndroidManifest.xml:41:13-45
52            android:screenOrientation="landscape" >
52-->src\main\AndroidManifest.xml:42:13-50
53
54            <!-- android:screenOrientation="portrait" > -->
55        </activity>
56        <activity
56-->src\main\AndroidManifest.xml:46:9-49:53
57            android:name="eyes.blue.StorageManageActivity"
57-->src\main\AndroidManifest.xml:47:13-50
58            android:configChanges="orientation|keyboardHidden"
58-->src\main\AndroidManifest.xml:48:13-63
59            android:screenOrientation="landscape" />
59-->src\main\AndroidManifest.xml:49:13-50
60        <activity
60-->src\main\AndroidManifest.xml:50:9-53:48
61            android:name="eyes.blue.AboutActivity"
61-->src\main\AndroidManifest.xml:51:13-42
62            android:excludeFromRecents="true"
62-->src\main\AndroidManifest.xml:53:13-46
63            android:theme="@android:style/Theme.Holo.Dialog" />
63-->src\main\AndroidManifest.xml:52:13-61
64        <activity
64-->src\main\AndroidManifest.xml:54:9-57:53
65            android:name="eyes.blue.FileDialogActivity"
65-->src\main\AndroidManifest.xml:55:13-47
66            android:configChanges="orientation|keyboardHidden"
66-->src\main\AndroidManifest.xml:56:13-63
67            android:screenOrientation="landscape" />
67-->src\main\AndroidManifest.xml:57:13-50
68        <activity
68-->src\main\AndroidManifest.xml:59:9-64:20
69            android:name="eyes.blue.DownloadAllServiceHandler"
69-->src\main\AndroidManifest.xml:60:13-54
70            android:excludeFromRecents="true"
70-->src\main\AndroidManifest.xml:61:13-46
71            android:launchMode="singleTask"
71-->src\main\AndroidManifest.xml:62:13-44
72            android:taskAffinity="" >
72-->src\main\AndroidManifest.xml:63:13-36
73        </activity>
74        <activity
74-->src\main\AndroidManifest.xml:66:9-69:53
75            android:name="eyes.blue.CalendarActivity"
75-->src\main\AndroidManifest.xml:67:13-45
76            android:configChanges="orientation|keyboardHidden"
76-->src\main\AndroidManifest.xml:68:13-63
77            android:screenOrientation="landscape" />
77-->src\main\AndroidManifest.xml:69:13-50
78        <activity
78-->src\main\AndroidManifest.xml:70:9-101:20
79            android:name="eyes.blue.IntentActivity"
79-->src\main\AndroidManifest.xml:71:13-43
80            android:configChanges="orientation|keyboardHidden"
80-->src\main\AndroidManifest.xml:72:13-63
81            android:screenOrientation="landscape" >
81-->src\main\AndroidManifest.xml:73:13-50
82            <intent-filter>
82-->src\main\AndroidManifest.xml:74:13-86:29
83                <action android:name="android.intent.action.VIEW" />
83-->src\main\AndroidManifest.xml:75:17-69
83-->src\main\AndroidManifest.xml:75:25-66
84
85                <category android:name="android.intent.category.DEFAULT" />
85-->src\main\AndroidManifest.xml:77:17-76
85-->src\main\AndroidManifest.xml:77:27-73
86                <category android:name="android.intent.category.BROWSABLE" />
86-->src\main\AndroidManifest.xml:78:17-78
86-->src\main\AndroidManifest.xml:78:27-75
87
88                <data android:scheme="http" />
88-->src\main\AndroidManifest.xml:80:17-47
88-->src\main\AndroidManifest.xml:80:23-44
89                <data android:scheme="https" />
89-->src\main\AndroidManifest.xml:80:17-47
89-->src\main\AndroidManifest.xml:80:23-44
90                <data android:scheme="lamrim" />
90-->src\main\AndroidManifest.xml:80:17-47
90-->src\main\AndroidManifest.xml:80:23-44
91                <data android:host="lamrimreader-cmd.eyes-blue.com" />
91-->src\main\AndroidManifest.xml:80:17-47
91-->src\main\AndroidManifest.xml:83:23-68
92                <data android:host="xe74n.app.goo.gl" />
92-->src\main\AndroidManifest.xml:80:17-47
92-->src\main\AndroidManifest.xml:83:23-68
93                <data android:pathPrefix="/" />
93-->src\main\AndroidManifest.xml:80:17-47
93-->src\main\AndroidManifest.xml:85:23-45
94            </intent-filter>
95            <intent-filter>
95-->src\main\AndroidManifest.xml:87:13-100:29
96                <action android:name="android.intent.action.VIEW" />
96-->src\main\AndroidManifest.xml:75:17-69
96-->src\main\AndroidManifest.xml:75:25-66
97
98                <category android:name="android.intent.category.DEFAULT" />
98-->src\main\AndroidManifest.xml:77:17-76
98-->src\main\AndroidManifest.xml:77:27-73
99                <category android:name="android.intent.category.BROWSABLE" />
99-->src\main\AndroidManifest.xml:78:17-78
99-->src\main\AndroidManifest.xml:78:27-75
100
101                <data android:scheme="file" />
101-->src\main\AndroidManifest.xml:80:17-47
101-->src\main\AndroidManifest.xml:80:23-44
102                <data android:mimeType="*/*" />
102-->src\main\AndroidManifest.xml:80:17-47
102-->src\main\AndroidManifest.xml:94:23-45
103                <data android:pathPattern=".*\\.lrs" />
103-->src\main\AndroidManifest.xml:80:17-47
103-->src\main\AndroidManifest.xml:95:23-53
104                <data android:pathPattern=".*\\..*\\.lrs" />
104-->src\main\AndroidManifest.xml:80:17-47
104-->src\main\AndroidManifest.xml:95:23-53
105                <data android:pathPattern=".*\\..*\\..*\\.lrs" />
105-->src\main\AndroidManifest.xml:80:17-47
105-->src\main\AndroidManifest.xml:95:23-53
106                <data android:pathPattern=".*\\..*\\..*\\..*\\.lrs" />
106-->src\main\AndroidManifest.xml:80:17-47
106-->src\main\AndroidManifest.xml:95:23-53
107                <data android:host="*" />
107-->src\main\AndroidManifest.xml:80:17-47
107-->src\main\AndroidManifest.xml:83:23-68
108            </intent-filter>
109        </activity>
110
111        <service
111-->src\main\AndroidManifest.xml:103:9-105:40
112            android:name="eyes.blue.DownloadAllService"
112-->src\main\AndroidManifest.xml:104:13-47
113            android:exported="false" />
113-->src\main\AndroidManifest.xml:105:13-37
114        <service
114-->src\main\AndroidManifest.xml:106:9-108:40
115            android:name="eyes.blue.MoveFileService"
115-->src\main\AndroidManifest.xml:107:13-44
116            android:exported="false" />
116-->src\main\AndroidManifest.xml:108:13-37
117
118        <receiver android:name="eyes.blue.MediaPlayerController$RemoteControlReceiver" >
118-->src\main\AndroidManifest.xml:112:9-116:20
118-->src\main\AndroidManifest.xml:112:19-78
119            <intent-filter>
119-->src\main\AndroidManifest.xml:113:13-115:29
120                <action android:name="android.intent.action.MEDIA_BUTTON" />
120-->src\main\AndroidManifest.xml:114:17-77
120-->src\main\AndroidManifest.xml:114:25-74
121            </intent-filter>
122        </receiver>
123        <!--
124 ATTENTION: This was auto-generated to add Google Play services to your project for
125     App Indexing.  See https://g.co/AppIndexing/AndroidStudio for more information.
126        -->
127
128        <provider
129            android:name="androidx.core.content.FileProvider"
129-->src\main\AndroidManifest.xml:123:13-62
130            android:authorities="eyes.blue.provider"
130-->src\main\AndroidManifest.xml:124:13-60
131            android:exported="false"
131-->src\main\AndroidManifest.xml:125:13-37
132            android:grantUriPermissions="true" >
132-->src\main\AndroidManifest.xml:126:13-47
133            <meta-data
133-->src\main\AndroidManifest.xml:127:13-129:58
134                android:name="android.support.FILE_PROVIDER_PATHS"
134-->src\main\AndroidManifest.xml:128:17-67
135                android:resource="@xml/provider_paths" />
135-->src\main\AndroidManifest.xml:129:17-55
136        </provider>
137
138        <meta-data
138-->src\main\AndroidManifest.xml:132:9-134:72
139            android:name="io.fabric.ApiKey"
139-->src\main\AndroidManifest.xml:133:13-44
140            android:value="2aa4d4d31ff6b0c922706d90b66d6c4a6135f1e6" />
140-->src\main\AndroidManifest.xml:134:13-69
141
142        <service
142-->[com.google.firebase:firebase-crashlytics:17.0.0] AndroidManifest.xml:13:9-19:19
143            android:name="com.google.firebase.components.ComponentDiscoveryService"
143-->[com.google.firebase:firebase-crashlytics:17.0.0] AndroidManifest.xml:14:13-84
144            android:directBootAware="true"
144-->[com.google.firebase:firebase-common:19.3.0] AndroidManifest.xml:34:13-43
145            android:exported="false" >
145-->[com.google.firebase:firebase-crashlytics:17.0.0] AndroidManifest.xml:15:13-37
146            <meta-data
146-->[com.google.firebase:firebase-crashlytics:17.0.0] AndroidManifest.xml:16:13-18:85
147                android:name="com.google.firebase.components:com.google.firebase.crashlytics.CrashlyticsRegistrar"
147-->[com.google.firebase:firebase-crashlytics:17.0.0] AndroidManifest.xml:17:17-115
148                android:value="com.google.firebase.components.ComponentRegistrar" />
148-->[com.google.firebase:firebase-crashlytics:17.0.0] AndroidManifest.xml:18:17-82
149            <meta-data
149-->[com.google.firebase:firebase-messaging:20.1.7] AndroidManifest.xml:38:13-40:85
150                android:name="com.google.firebase.components:com.google.firebase.messaging.FirebaseMessagingRegistrar"
150-->[com.google.firebase:firebase-messaging:20.1.7] AndroidManifest.xml:39:17-119
151                android:value="com.google.firebase.components.ComponentRegistrar" />
151-->[com.google.firebase:firebase-messaging:20.1.7] AndroidManifest.xml:40:17-82
152            <meta-data
152-->[com.google.android.gms:play-services-measurement-api:17.4.1] AndroidManifest.xml:30:13-32:85
153                android:name="com.google.firebase.components:com.google.firebase.analytics.connector.internal.AnalyticsConnectorRegistrar"
153-->[com.google.android.gms:play-services-measurement-api:17.4.1] AndroidManifest.xml:31:17-139
154                android:value="com.google.firebase.components.ComponentRegistrar" />
154-->[com.google.android.gms:play-services-measurement-api:17.4.1] AndroidManifest.xml:32:17-82
155            <meta-data
155-->[com.google.firebase:firebase-iid:20.1.7] AndroidManifest.xml:32:13-34:85
156                android:name="com.google.firebase.components:com.google.firebase.iid.Registrar"
156-->[com.google.firebase:firebase-iid:20.1.7] AndroidManifest.xml:33:17-96
157                android:value="com.google.firebase.components.ComponentRegistrar" />
157-->[com.google.firebase:firebase-iid:20.1.7] AndroidManifest.xml:34:17-82
158            <meta-data
158-->[com.google.firebase:firebase-datatransport:17.0.3] AndroidManifest.xml:28:13-30:85
159                android:name="com.google.firebase.components:com.google.firebase.datatransport.TransportRegistrar"
159-->[com.google.firebase:firebase-datatransport:17.0.3] AndroidManifest.xml:29:17-115
160                android:value="com.google.firebase.components.ComponentRegistrar" />
160-->[com.google.firebase:firebase-datatransport:17.0.3] AndroidManifest.xml:30:17-82
161            <meta-data
161-->[com.google.firebase:firebase-installations:16.3.0] AndroidManifest.xml:17:13-19:85
162                android:name="com.google.firebase.components:com.google.firebase.installations.FirebaseInstallationsRegistrar"
162-->[com.google.firebase:firebase-installations:16.3.0] AndroidManifest.xml:18:17-127
163                android:value="com.google.firebase.components.ComponentRegistrar" />
163-->[com.google.firebase:firebase-installations:16.3.0] AndroidManifest.xml:19:17-82
164        </service>
165
166        <provider
166-->[com.crashlytics.sdk.android:crashlytics:2.10.1] AndroidManifest.xml:19:9-23:38
167            android:name="com.crashlytics.android.CrashlyticsInitProvider"
167-->[com.crashlytics.sdk.android:crashlytics:2.10.1] AndroidManifest.xml:20:13-75
168            android:authorities="eyes.blue.crashlyticsinitprovider"
168-->[com.crashlytics.sdk.android:crashlytics:2.10.1] AndroidManifest.xml:21:13-75
169            android:exported="false"
169-->[com.crashlytics.sdk.android:crashlytics:2.10.1] AndroidManifest.xml:22:13-37
170            android:initOrder="90" />
170-->[com.crashlytics.sdk.android:crashlytics:2.10.1] AndroidManifest.xml:23:13-35
171        <!--
172             FirebaseMessagingService performs security checks at runtime,
173             but set to not exported to explicitly avoid allowing another app to call it.
174        -->
175        <service
175-->[com.google.firebase:firebase-messaging:20.1.7] AndroidManifest.xml:28:9-34:19
176            android:name="com.google.firebase.messaging.FirebaseMessagingService"
176-->[com.google.firebase:firebase-messaging:20.1.7] AndroidManifest.xml:29:13-82
177            android:exported="false" >
177-->[com.google.firebase:firebase-messaging:20.1.7] AndroidManifest.xml:30:13-37
178            <intent-filter android:priority="-500" >
178-->[com.google.firebase:firebase-messaging:20.1.7] AndroidManifest.xml:31:13-33:29
178-->[com.google.firebase:firebase-messaging:20.1.7] AndroidManifest.xml:31:28-51
179                <action android:name="com.google.firebase.MESSAGING_EVENT" />
179-->[com.google.firebase:firebase-messaging:20.1.7] AndroidManifest.xml:32:17-78
179-->[com.google.firebase:firebase-messaging:20.1.7] AndroidManifest.xml:32:25-75
180            </intent-filter>
181        </service>
182
183        <receiver
183-->[com.google.firebase:firebase-iid:20.1.7] AndroidManifest.xml:37:9-44:20
184            android:name="com.google.firebase.iid.FirebaseInstanceIdReceiver"
184-->[com.google.firebase:firebase-iid:20.1.7] AndroidManifest.xml:38:13-78
185            android:exported="true"
185-->[com.google.firebase:firebase-iid:20.1.7] AndroidManifest.xml:39:13-36
186            android:permission="com.google.android.c2dm.permission.SEND" >
186-->[com.google.firebase:firebase-iid:20.1.7] AndroidManifest.xml:40:13-73
187            <intent-filter>
187-->[com.google.firebase:firebase-iid:20.1.7] AndroidManifest.xml:41:13-43:29
188                <action android:name="com.google.android.c2dm.intent.RECEIVE" />
188-->[com.google.firebase:firebase-iid:20.1.7] AndroidManifest.xml:42:17-81
188-->[com.google.firebase:firebase-iid:20.1.7] AndroidManifest.xml:42:25-78
189            </intent-filter>
190        </receiver>
191
192        <provider
192-->[com.google.firebase:firebase-common:19.3.0] AndroidManifest.xml:26:9-30:39
193            android:name="com.google.firebase.provider.FirebaseInitProvider"
193-->[com.google.firebase:firebase-common:19.3.0] AndroidManifest.xml:27:13-77
194            android:authorities="eyes.blue.firebaseinitprovider"
194-->[com.google.firebase:firebase-common:19.3.0] AndroidManifest.xml:28:13-72
195            android:exported="false"
195-->[com.google.firebase:firebase-common:19.3.0] AndroidManifest.xml:29:13-37
196            android:initOrder="100" />
196-->[com.google.firebase:firebase-common:19.3.0] AndroidManifest.xml:30:13-36
197
198        <activity
198-->[com.google.android.gms:play-services-base:17.0.0] AndroidManifest.xml:23:9-26:75
199            android:name="com.google.android.gms.common.api.GoogleApiActivity"
199-->[com.google.android.gms:play-services-base:17.0.0] AndroidManifest.xml:24:13-79
200            android:exported="false"
200-->[com.google.android.gms:play-services-base:17.0.0] AndroidManifest.xml:25:13-37
201            android:theme="@android:style/Theme.Translucent.NoTitleBar" />
201-->[com.google.android.gms:play-services-base:17.0.0] AndroidManifest.xml:26:13-72
202
203        <receiver
203-->[com.google.android.gms:play-services-measurement:17.4.1] AndroidManifest.xml:29:9-33:20
204            android:name="com.google.android.gms.measurement.AppMeasurementReceiver"
204-->[com.google.android.gms:play-services-measurement:17.4.1] AndroidManifest.xml:30:13-85
205            android:enabled="true"
205-->[com.google.android.gms:play-services-measurement:17.4.1] AndroidManifest.xml:31:13-35
206            android:exported="false" >
206-->[com.google.android.gms:play-services-measurement:17.4.1] AndroidManifest.xml:32:13-37
207        </receiver>
208
209        <service
209-->[com.google.android.gms:play-services-measurement:17.4.1] AndroidManifest.xml:35:9-38:40
210            android:name="com.google.android.gms.measurement.AppMeasurementService"
210-->[com.google.android.gms:play-services-measurement:17.4.1] AndroidManifest.xml:36:13-84
211            android:enabled="true"
211-->[com.google.android.gms:play-services-measurement:17.4.1] AndroidManifest.xml:37:13-35
212            android:exported="false" />
212-->[com.google.android.gms:play-services-measurement:17.4.1] AndroidManifest.xml:38:13-37
213        <service
213-->[com.google.android.gms:play-services-measurement:17.4.1] AndroidManifest.xml:39:9-43:72
214            android:name="com.google.android.gms.measurement.AppMeasurementJobService"
214-->[com.google.android.gms:play-services-measurement:17.4.1] AndroidManifest.xml:40:13-87
215            android:enabled="true"
215-->[com.google.android.gms:play-services-measurement:17.4.1] AndroidManifest.xml:41:13-35
216            android:exported="false"
216-->[com.google.android.gms:play-services-measurement:17.4.1] AndroidManifest.xml:42:13-37
217            android:permission="android.permission.BIND_JOB_SERVICE" />
217-->[com.google.android.gms:play-services-measurement:17.4.1] AndroidManifest.xml:43:13-69
218
219        <meta-data
219-->[com.google.android.gms:play-services-basement:17.0.0] AndroidManifest.xml:23:9-25:69
220            android:name="com.google.android.gms.version"
220-->[com.google.android.gms:play-services-basement:17.0.0] AndroidManifest.xml:24:13-58
221            android:value="@integer/google_play_services_version" />
221-->[com.google.android.gms:play-services-basement:17.0.0] AndroidManifest.xml:25:13-66
222
223        <service
223-->[com.google.android.datatransport:transport-backend-cct:2.2.1] AndroidManifest.xml:29:9-35:19
224            android:name="com.google.android.datatransport.runtime.backends.TransportBackendDiscovery"
224-->[com.google.android.datatransport:transport-backend-cct:2.2.1] AndroidManifest.xml:30:13-103
225            android:exported="false" >
225-->[com.google.android.datatransport:transport-backend-cct:2.2.1] AndroidManifest.xml:31:13-37
226            <meta-data
226-->[com.google.android.datatransport:transport-backend-cct:2.2.1] AndroidManifest.xml:32:13-34:39
227                android:name="backend:com.google.android.datatransport.cct.CctBackendFactory"
227-->[com.google.android.datatransport:transport-backend-cct:2.2.1] AndroidManifest.xml:33:17-94
228                android:value="cct" />
228-->[com.google.android.datatransport:transport-backend-cct:2.2.1] AndroidManifest.xml:34:17-36
229        </service>
230        <service
230-->[com.google.android.datatransport:transport-runtime:2.2.1] AndroidManifest.xml:26:9-30:19
231            android:name="com.google.android.datatransport.runtime.scheduling.jobscheduling.JobInfoSchedulerService"
231-->[com.google.android.datatransport:transport-runtime:2.2.1] AndroidManifest.xml:27:13-117
232            android:exported="false"
232-->[com.google.android.datatransport:transport-runtime:2.2.1] AndroidManifest.xml:28:13-37
233            android:permission="android.permission.BIND_JOB_SERVICE" >
233-->[com.google.android.datatransport:transport-runtime:2.2.1] AndroidManifest.xml:29:13-69
234        </service>
235
236        <receiver
236-->[com.google.android.datatransport:transport-runtime:2.2.1] AndroidManifest.xml:32:9-34:40
237            android:name="com.google.android.datatransport.runtime.scheduling.jobscheduling.AlarmManagerSchedulerBroadcastReceiver"
237-->[com.google.android.datatransport:transport-runtime:2.2.1] AndroidManifest.xml:33:13-132
238            android:exported="false" />
238-->[com.google.android.datatransport:transport-runtime:2.2.1] AndroidManifest.xml:34:13-37
239    </application>
240
241</manifest>